<?xml version="1.0" encoding="UTF-8"?>
<!-- Generated by org.testng.reporters.JUnitReportReporter -->
<testsuite skipped="0" hostname="dell" name="com.valuemomentum.junit.TestNGpractice" tests="4" failures="0" timestamp="20 Oct 2018 19:24:17 GMT" time="0.025" errors="0">
  <testcase name="test" time="0.012" classname="com.valuemomentum.junit.TestNGpractice"/>
  <testcase name="testt" time="0.004" classname="com.valuemomentum.junit.TestNGpractice"/>
  <testcase name="testttt" time="0.005" classname="com.valuemomentum.junit.TestNGpractice"/>
  <testcase name="testtt" time="0.004" classname="com.valuemomentum.junit.TestNGpractice"/>
</testsuite> <!-- com.valuemomentum.junit.TestNGpractice -->
