<?xml version="1.0" encoding="UTF-8"?>
<!-- Generated by org.testng.reporters.JUnitReportReporter -->
<testsuite skipped="1" hostname="dell" name="com.valuemomentum.junit.testTestNG" tests="4" failures="0" timestamp="20 Oct 2018 19:23:33 GMT" time="0.031" errors="0">
  <testcase name="testCase1" time="0.013" classname="com.valuemomentum.junit.testTestNG"/>
  <testcase name="testCase4" time="0.013" classname="com.valuemomentum.junit.testTestNG"/>
  <testcase name="testCase2" time="0.005" classname="com.valuemomentum.junit.testTestNG"/>
  <testcase name="testCase3" classname="com.valuemomentum.junit.testTestNG">
    <skipped/>
  </testcase> <!-- testCase3 -->
</testsuite> <!-- com.valuemomentum.junit.testTestNG -->
